13:32:16,868 DEBUG SQL:109 - 
    select
        guide0_.id as id1_0_0_,
        guide0_.name as name2_0_0_,
        guide0_.salary as salary3_0_0_,
        guide0_.staff_id as staff_id4_0_0_ 
    from
        Guide guide0_ 
    where
        guide0_.id=?
13:32:16,872 TRACE BasicBinder:81 - binding parameter [1] as [BIGINT] - [2]
13:32:16,922 DEBUG SQL:109 - 
    select
        students0_.guide_id as guide_id4_0_0_,
        students0_.id as id1_1_0_,
        students0_.id as id1_1_1_,
        students0_.enrollment_id as enrollme2_1_1_,
        students0_.guide_id as guide_id4_1_1_,
        students0_.name as name3_1_1_ 
    from
        Student students0_ 
    where
        students0_.guide_id=?
13:32:16,922 TRACE BasicBinder:81 - binding parameter [1] as [BIGINT] - [2]
